<?xml version="1.0" encoding="UTF-8"?>
<testsuite name="map.WorldMapTest" tests="1" skipped="0" failures="0" errors="0" timestamp="2020-12-16T17:17:46" hostname="DESKTOP-5LA2LCO" time="0.015">
  <properties/>
  <testcase name="checkIfGrassIsSpawningCorrectlyPositions()" classname="map.WorldMapTest" time="0.015"/>
  <system-out><![CDATA[13]]></system-out>
  <system-err><![CDATA[]]></system-err>
</testsuite>
